<?xml version="1.0" encoding="UTF-8"?>
<testsuite name="javashowcase.RESTAsscuredEmployeeJsonTest" tests="1" skipped="0" failures="0" errors="0" timestamp="2020-11-07T09:59:07" hostname="DESKTOP-25DPEJS" time="13.46">
  <properties/>
  <testcase name="onCallingList_ReturnEmployeeList" classname="javashowcase.RESTAsscuredEmployeeJsonTest" time="13.46"/>
  <system-out><![CDATA[AT FIRST: [
  {
    "id": 1,
    "name": "Pankaj",
    "salary": "10000"
  },
  {
    "name": "David",
    "salary": "5000",
    "id": 2
  }
]
]]></system-out>
  <system-err><![CDATA[]]></system-err>
</testsuite>
